Command: ./simv +UVM_OBJECTION_TRACE +UVM_PHASE_TRACE +UVM_COUNT +UVM_VERBOSITY=UVM_HIGH -l simv5.log
Chronologic VCS simulator copyright 1991-2014
Contains Synopsys proprietary information.
Compiler version I-2014.03; Runtime version I-2014.03;  Jul 21 19:03 2019
*Verdi3* Loading libsscore_vcs201403.so
*Verdi3* : Enable Parallel Dumping.
----------------------------------------------------------------
UVM-1.1d.VCS
(C) 2007-2013 Mentor Graphics Corporation
(C) 2007-2013 Cadence Design Systems, Inc.
(C) 2006-2013 Synopsys, Inc.
(C) 2011-2013 Cypress Semiconductor Corp.
----------------------------------------------------------------

  ***********       IMPORTANT RELEASE NOTES         ************

  You are using a version of the UVM library that has been compiled
  with `UVM_NO_DEPRECATED undefined.
  See http://www.eda.org/svdb/view.php?id=3313 for more details.

  You are using a version of the UVM library that has been compiled
  with `UVM_OBJECT_MUST_HAVE_CONSTRUCTOR undefined.
  See http://www.eda.org/svdb/view.php?id=3770 for more details.

      (Specify +UVM_NO_RELNOTES to turn off this notice)

VCD+ Writer I-2014.03 Copyright (c) 1991-2014 by Synopsys Inc.
FSDB Dumper for VCS, Release Verdi3_I-2014.03-SP1, Linux, 05/28/2014
(C) 1996 - 2014 by Synopsys, Inc.
***********************************************************************
*  WARNING -                                                          *
*  The FSDB dumper support is still in beta stage for the simulator   *
*  version that you are running. For any abnormal behavior, please    *
*  contact Synopsys support for assistance.                           *
***********************************************************************
*Verdi3* FSDB WARNING: The FSDB file already exists. Overwriting the FSDB file may crash the programs that are using this file.
*Verdi3* : Create FSDB file 'novas.fsdb'
*Verdi3* : Begin traversing the scopes, layer (0).
*Verdi3* : End of traversing.
UVM_INFO tb.sv(11) @ 0: uvm_test_top [TRACE] \$unit ::\tb::new 
UVM_INFO tb.sv(53) @ 0: uvm_test_top [TRACE] \$unit ::\reg_test::new 
UVM_INFO @ 0: reporter [RNTST] Running test reg_test...
UVM_INFO /usr/synopsys/I-2014.03/etc/uvm/src/base/uvm_phase.svh(1124) @ 0: reporter [PH/TRC/STRT] Phase 'common' (id=174) Starting phase
UVM_INFO /usr/synopsys/I-2014.03/etc/uvm/src/base/uvm_phase.svh(1381) @ 0: reporter [PH/TRC/DONE] Phase 'common' (id=174) Completed phase
UVM_INFO /usr/synopsys/I-2014.03/etc/uvm/src/base/uvm_phase.svh(1403) @ 0: reporter [PH/TRC/SCHEDULED] Phase 'common.build' (id=192) Scheduled from phase common
UVM_INFO /usr/synopsys/I-2014.03/etc/uvm/src/base/uvm_phase.svh(1124) @ 0: reporter [PH/TRC/STRT] Phase 'common.build' (id=192) Starting phase
UVM_INFO env.sv(14) @ 0: uvm_test_top.env_inst [TRACE] \$unit ::\env::new 
UVM_INFO packet.sv(22) @ 0: reporter@@packet [TRACE] \$unit ::\packet::new 
UVM_INFO agent.sv(17) @ 0: uvm_test_top.env_inst.agent_inst [TRACE] \$unit ::\agent::new 
UVM_INFO drv.sv(9) @ 0: uvm_test_top.env_inst.agent_inst.drv_inst [TRACE] \$unit ::\drv::new 
UVM_INFO mon.sv(10) @ 0: uvm_test_top.env_inst.agent_inst.mon_inst [TRACE] \$unit ::\mon::new 
UVM_INFO /usr/synopsys/I-2014.03/etc/uvm/src/base/uvm_phase.svh(1500) @ 0: reporter [PH/TRC/WAIT_PRED_OF_SUCC] Phase 'common.build' (id=192) *** No pred to succ other than myself, so ending phase ***
UVM_INFO /usr/synopsys/I-2014.03/etc/uvm/src/base/uvm_phase.svh(1356) @ 0: reporter [PH_END] Phase 'common.build' (id=192) ENDING PHASE
UVM_INFO /usr/synopsys/I-2014.03/etc/uvm/src/base/uvm_phase.svh(1381) @ 0: reporter [PH/TRC/DONE] Phase 'common.build' (id=192) Completed phase
UVM_INFO /usr/synopsys/I-2014.03/etc/uvm/src/base/uvm_phase.svh(1403) @ 0: reporter [PH/TRC/SCHEDULED] Phase 'common.connect' (id=204) Scheduled from phase common.build
UVM_INFO /usr/synopsys/I-2014.03/etc/uvm/src/base/uvm_phase.svh(1124) @ 0: reporter [PH/TRC/STRT] Phase 'common.connect' (id=204) Starting phase
UVM_INFO agent.sv(33) @ 0: uvm_test_top.env_inst.agent_inst [TRACE] \$unit ::\agent::connect_phase 
UVM_INFO env.sv(31) @ 0: uvm_test_top.env_inst [TRACE] \$unit ::\env::connect_phase 
UVM_INFO /usr/synopsys/I-2014.03/etc/uvm/src/base/uvm_phase.svh(1500) @ 0: reporter [PH/TRC/WAIT_PRED_OF_SUCC] Phase 'common.connect' (id=204) *** No pred to succ other than myself, so ending phase ***
UVM_INFO /usr/synopsys/I-2014.03/etc/uvm/src/base/uvm_phase.svh(1356) @ 0: reporter [PH_END] Phase 'common.connect' (id=204) ENDING PHASE
UVM_INFO /usr/synopsys/I-2014.03/etc/uvm/src/base/uvm_phase.svh(1381) @ 0: reporter [PH/TRC/DONE] Phase 'common.connect' (id=204) Completed phase
UVM_INFO /usr/synopsys/I-2014.03/etc/uvm/src/base/uvm_phase.svh(1403) @ 0: reporter [PH/TRC/SCHEDULED] Phase 'common.end_of_elaboration' (id=216) Scheduled from phase common.connect
UVM_INFO /usr/synopsys/I-2014.03/etc/uvm/src/base/uvm_phase.svh(1124) @ 0: reporter [PH/TRC/STRT] Phase 'common.end_of_elaboration' (id=216) Starting phase
UVM_INFO @ 0: reporter [UVMTOP] UVM testbench topology:
-------------------------------------------------------------------
Name                       Type                         Size  Value
-------------------------------------------------------------------
uvm_test_top               reg_test                     -     @461 
  env_inst                 env                          -     @469 
    agent_inst             agent                        -     @522 
      an_port              uvm_analysis_port            -     @538 
      drv_inst             drv                          -     @547 
        rsp_port           uvm_analysis_port            -     @564 
        seq_item_port      uvm_seq_item_pull_port       -     @555 
      mon_inst             mon                          -     @696 
        an_port            uvm_analysis_port            -     @705 
      sqr_inst             uvm_sequencer                -     @573 
        rsp_export         uvm_analysis_export          -     @581 
        seq_item_export    uvm_seq_item_pull_imp        -     @687 
        arbitration_queue  array                        0     -    
        lock_queue         array                        0     -    
        num_last_reqs      integral                     32    'd1  
        num_last_rsps      integral                     32    'd1  
    predict                uvm_reg_predictor #(packet)  -     @491 
      bus_in               uvm_analysis_imp             -     @503 
      reg_ap               uvm_analysis_port            -     @512 
-------------------------------------------------------------------

UVM_INFO /usr/synopsys/I-2014.03/etc/uvm/src/base/uvm_phase.svh(1500) @ 0: reporter [PH/TRC/WAIT_PRED_OF_SUCC] Phase 'common.end_of_elaboration' (id=216) *** No pred to succ other than myself, so ending phase ***
UVM_INFO /usr/synopsys/I-2014.03/etc/uvm/src/base/uvm_phase.svh(1356) @ 0: reporter [PH_END] Phase 'common.end_of_elaboration' (id=216) ENDING PHASE
UVM_INFO /usr/synopsys/I-2014.03/etc/uvm/src/base/uvm_phase.svh(1381) @ 0: reporter [PH/TRC/DONE] Phase 'common.end_of_elaboration' (id=216) Completed phase
UVM_INFO /usr/synopsys/I-2014.03/etc/uvm/src/base/uvm_phase.svh(1403) @ 0: reporter [PH/TRC/SCHEDULED] Phase 'common.start_of_simulation' (id=228) Scheduled from phase common.end_of_elaboration
UVM_INFO /usr/synopsys/I-2014.03/etc/uvm/src/base/uvm_phase.svh(1124) @ 0: reporter [PH/TRC/STRT] Phase 'common.start_of_simulation' (id=228) Starting phase
UVM_INFO /usr/synopsys/I-2014.03/etc/uvm/src/base/uvm_phase.svh(1500) @ 0: reporter [PH/TRC/WAIT_PRED_OF_SUCC] Phase 'common.start_of_simulation' (id=228) *** No pred to succ other than myself, so ending phase ***
UVM_INFO /usr/synopsys/I-2014.03/etc/uvm/src/base/uvm_phase.svh(1356) @ 0: reporter [PH_END] Phase 'common.start_of_simulation' (id=228) ENDING PHASE
UVM_INFO /usr/synopsys/I-2014.03/etc/uvm/src/base/uvm_phase.svh(1381) @ 0: reporter [PH/TRC/DONE] Phase 'common.start_of_simulation' (id=228) Completed phase
UVM_INFO /usr/synopsys/I-2014.03/etc/uvm/src/base/uvm_phase.svh(1403) @ 0: reporter [PH/TRC/SCHEDULED] Phase 'common.run' (id=240) Scheduled from phase common.start_of_simulation
UVM_INFO /usr/synopsys/I-2014.03/etc/uvm/src/base/uvm_phase.svh(1124) @ 0: reporter [PH/TRC/STRT] Phase 'common.run' (id=240) Starting phase
UVM_INFO /usr/synopsys/I-2014.03/etc/uvm/src/base/uvm_phase.svh(1403) @ 0: reporter [PH/TRC/SCHEDULED] Phase 'uvm' (id=289) Scheduled from phase common.start_of_simulation
UVM_INFO /usr/synopsys/I-2014.03/etc/uvm/src/base/uvm_phase.svh(1124) @ 0: reporter [PH/TRC/STRT] Phase 'uvm' (id=289) Starting phase
UVM_INFO packet.sv(22) @ 0: reporter@@packet [TRACE] \$unit ::\packet::new 
UVM_INFO @ 0: run [OBJTN_TRC] Object uvm_test_top raised 1 objection(s): count=1  total=1
UVM_INFO @ 0: run [OBJTN_TRC] Object uvm_top added 1 objection(s) to its total (raised from source object uvm_test_top): count=0  total=1
UVM_INFO packet_reg_sequence.sv(53) @ 0: reporter@@ [TRACE] \$unit ::\packet_reg_sequence::new 
UVM_INFO /usr/synopsys/I-2014.03/etc/uvm/src/base/uvm_phase.svh(1381) @ 0: reporter [PH/TRC/DONE] Phase 'uvm' (id=289) Completed phase
UVM_INFO packet.sv(22) @ 0: reporter@@packet [TRACE] \$unit ::\packet::new 
                   0============================= process 1 =============================
UVM_INFO packet.sv(22) @ 0: reporter@@packet [TRACE] \$unit ::\packet::new 
UVM_INFO /usr/synopsys/I-2014.03/etc/uvm/src/base/uvm_phase.svh(1403) @ 0: reporter [PH/TRC/SCHEDULED] Phase 'uvm.uvm_sched' (id=301) Scheduled from phase uvm
UVM_INFO /usr/synopsys/I-2014.03/etc/uvm/src/base/uvm_phase.svh(1124) @ 0: reporter [PH/TRC/STRT] Phase 'uvm.uvm_sched' (id=301) Starting phase
UVM_INFO /usr/synopsys/I-2014.03/etc/uvm/src/base/uvm_phase.svh(1381) @ 0: reporter [PH/TRC/DONE] Phase 'uvm.uvm_sched' (id=301) Completed phase
UVM_INFO /usr/synopsys/I-2014.03/etc/uvm/src/base/uvm_phase.svh(1403) @ 0: reporter [PH/TRC/SCHEDULED] Phase 'uvm.uvm_sched.pre_reset' (id=319) Scheduled from phase uvm.uvm_sched
UVM_INFO /usr/synopsys/I-2014.03/etc/uvm/src/base/uvm_phase.svh(1124) @ 0: reporter [PH/TRC/STRT] Phase 'uvm.uvm_sched.pre_reset' (id=319) Starting phase
UVM_INFO /usr/synopsys/I-2014.03/etc/uvm/src/base/uvm_phase.svh(1203) @ 0: reporter [PH/TRC/SKIP] Phase 'uvm.uvm_sched.pre_reset' (id=319) No objections raised, skipping phase
UVM_INFO /usr/synopsys/I-2014.03/etc/uvm/src/base/uvm_phase.svh(1236) @ 0: reporter [PH/TRC/TO_WAIT] Phase 'common.run' (id=240) STARTING PHASE TIMEOUT WATCHDOG (timeout ==       92000000000000)
UVM_INFO /usr/synopsys/I-2014.03/etc/uvm/src/base/uvm_phase.svh(1218) @ 0: reporter [PH_READY_TO_END_CB] Phase 'uvm.uvm_sched.pre_reset' (id=319) CALLING READY_TO_END CB
UVM_INFO /usr/synopsys/I-2014.03/etc/uvm/src/base/uvm_phase.svh(1356) @ 0: reporter [PH_END] Phase 'uvm.uvm_sched.pre_reset' (id=319) ENDING PHASE
UVM_INFO /usr/synopsys/I-2014.03/etc/uvm/src/base/uvm_phase.svh(1381) @ 0: reporter [PH/TRC/DONE] Phase 'uvm.uvm_sched.pre_reset' (id=319) Completed phase
UVM_INFO /usr/synopsys/I-2014.03/etc/uvm/src/base/uvm_phase.svh(1403) @ 0: reporter [PH/TRC/SCHEDULED] Phase 'uvm.uvm_sched.reset' (id=331) Scheduled from phase uvm.uvm_sched.pre_reset
UVM_INFO /usr/synopsys/I-2014.03/etc/uvm/src/base/uvm_phase.svh(1124) @ 0: reporter [PH/TRC/STRT] Phase 'uvm.uvm_sched.reset' (id=331) Starting phase
UVM_INFO /usr/synopsys/I-2014.03/etc/uvm/src/base/uvm_phase.svh(1203) @ 0: reporter [PH/TRC/SKIP] Phase 'uvm.uvm_sched.reset' (id=331) No objections raised, skipping phase
UVM_INFO /usr/synopsys/I-2014.03/etc/uvm/src/base/uvm_phase.svh(1218) @ 0: reporter [PH_READY_TO_END_CB] Phase 'uvm.uvm_sched.reset' (id=331) CALLING READY_TO_END CB
UVM_INFO /usr/synopsys/I-2014.03/etc/uvm/src/base/uvm_phase.svh(1356) @ 0: reporter [PH_END] Phase 'uvm.uvm_sched.reset' (id=331) ENDING PHASE
UVM_INFO /usr/synopsys/I-2014.03/etc/uvm/src/base/uvm_phase.svh(1381) @ 0: reporter [PH/TRC/DONE] Phase 'uvm.uvm_sched.reset' (id=331) Completed phase
UVM_INFO /usr/synopsys/I-2014.03/etc/uvm/src/base/uvm_phase.svh(1403) @ 0: reporter [PH/TRC/SCHEDULED] Phase 'uvm.uvm_sched.post_reset' (id=343) Scheduled from phase uvm.uvm_sched.reset
UVM_INFO /usr/synopsys/I-2014.03/etc/uvm/src/base/uvm_phase.svh(1124) @ 0: reporter [PH/TRC/STRT] Phase 'uvm.uvm_sched.post_reset' (id=343) Starting phase
UVM_INFO /usr/synopsys/I-2014.03/etc/uvm/src/base/uvm_phase.svh(1203) @ 0: reporter [PH/TRC/SKIP] Phase 'uvm.uvm_sched.post_reset' (id=343) No objections raised, skipping phase
UVM_INFO /usr/synopsys/I-2014.03/etc/uvm/src/base/uvm_phase.svh(1218) @ 0: reporter [PH_READY_TO_END_CB] Phase 'uvm.uvm_sched.post_reset' (id=343) CALLING READY_TO_END CB
UVM_INFO /usr/synopsys/I-2014.03/etc/uvm/src/base/uvm_phase.svh(1356) @ 0: reporter [PH_END] Phase 'uvm.uvm_sched.post_reset' (id=343) ENDING PHASE
UVM_INFO /usr/synopsys/I-2014.03/etc/uvm/src/base/uvm_phase.svh(1381) @ 0: reporter [PH/TRC/DONE] Phase 'uvm.uvm_sched.post_reset' (id=343) Completed phase
UVM_INFO /usr/synopsys/I-2014.03/etc/uvm/src/base/uvm_phase.svh(1403) @ 0: reporter [PH/TRC/SCHEDULED] Phase 'uvm.uvm_sched.pre_configure' (id=355) Scheduled from phase uvm.uvm_sched.post_reset
UVM_INFO /usr/synopsys/I-2014.03/etc/uvm/src/base/uvm_phase.svh(1124) @ 0: reporter [PH/TRC/STRT] Phase 'uvm.uvm_sched.pre_configure' (id=355) Starting phase
UVM_INFO /usr/synopsys/I-2014.03/etc/uvm/src/base/uvm_phase.svh(1203) @ 0: reporter [PH/TRC/SKIP] Phase 'uvm.uvm_sched.pre_configure' (id=355) No objections raised, skipping phase
UVM_INFO /usr/synopsys/I-2014.03/etc/uvm/src/base/uvm_phase.svh(1218) @ 0: reporter [PH_READY_TO_END_CB] Phase 'uvm.uvm_sched.pre_configure' (id=355) CALLING READY_TO_END CB
UVM_INFO /usr/synopsys/I-2014.03/etc/uvm/src/base/uvm_phase.svh(1356) @ 0: reporter [PH_END] Phase 'uvm.uvm_sched.pre_configure' (id=355) ENDING PHASE
UVM_INFO /usr/synopsys/I-2014.03/etc/uvm/src/base/uvm_phase.svh(1381) @ 0: reporter [PH/TRC/DONE] Phase 'uvm.uvm_sched.pre_configure' (id=355) Completed phase
UVM_INFO /usr/synopsys/I-2014.03/etc/uvm/src/base/uvm_phase.svh(1403) @ 0: reporter [PH/TRC/SCHEDULED] Phase 'uvm.uvm_sched.configure' (id=367) Scheduled from phase uvm.uvm_sched.pre_configure
UVM_INFO /usr/synopsys/I-2014.03/etc/uvm/src/base/uvm_phase.svh(1124) @ 0: reporter [PH/TRC/STRT] Phase 'uvm.uvm_sched.configure' (id=367) Starting phase
UVM_INFO /usr/synopsys/I-2014.03/etc/uvm/src/base/uvm_phase.svh(1203) @ 0: reporter [PH/TRC/SKIP] Phase 'uvm.uvm_sched.configure' (id=367) No objections raised, skipping phase
UVM_INFO /usr/synopsys/I-2014.03/etc/uvm/src/base/uvm_phase.svh(1218) @ 0: reporter [PH_READY_TO_END_CB] Phase 'uvm.uvm_sched.configure' (id=367) CALLING READY_TO_END CB
UVM_INFO /usr/synopsys/I-2014.03/etc/uvm/src/base/uvm_phase.svh(1356) @ 0: reporter [PH_END] Phase 'uvm.uvm_sched.configure' (id=367) ENDING PHASE
UVM_INFO /usr/synopsys/I-2014.03/etc/uvm/src/base/uvm_phase.svh(1381) @ 0: reporter [PH/TRC/DONE] Phase 'uvm.uvm_sched.configure' (id=367) Completed phase
UVM_INFO /usr/synopsys/I-2014.03/etc/uvm/src/base/uvm_phase.svh(1403) @ 0: reporter [PH/TRC/SCHEDULED] Phase 'uvm.uvm_sched.post_configure' (id=379) Scheduled from phase uvm.uvm_sched.configure
UVM_INFO /usr/synopsys/I-2014.03/etc/uvm/src/base/uvm_phase.svh(1124) @ 0: reporter [PH/TRC/STRT] Phase 'uvm.uvm_sched.post_configure' (id=379) Starting phase
UVM_INFO /usr/synopsys/I-2014.03/etc/uvm/src/base/uvm_phase.svh(1203) @ 0: reporter [PH/TRC/SKIP] Phase 'uvm.uvm_sched.post_configure' (id=379) No objections raised, skipping phase
UVM_INFO /usr/synopsys/I-2014.03/etc/uvm/src/base/uvm_phase.svh(1218) @ 0: reporter [PH_READY_TO_END_CB] Phase 'uvm.uvm_sched.post_configure' (id=379) CALLING READY_TO_END CB
UVM_INFO /usr/synopsys/I-2014.03/etc/uvm/src/base/uvm_phase.svh(1356) @ 0: reporter [PH_END] Phase 'uvm.uvm_sched.post_configure' (id=379) ENDING PHASE
UVM_INFO /usr/synopsys/I-2014.03/etc/uvm/src/base/uvm_phase.svh(1381) @ 0: reporter [PH/TRC/DONE] Phase 'uvm.uvm_sched.post_configure' (id=379) Completed phase
UVM_INFO /usr/synopsys/I-2014.03/etc/uvm/src/base/uvm_phase.svh(1403) @ 0: reporter [PH/TRC/SCHEDULED] Phase 'uvm.uvm_sched.pre_main' (id=391) Scheduled from phase uvm.uvm_sched.post_configure
UVM_INFO /usr/synopsys/I-2014.03/etc/uvm/src/base/uvm_phase.svh(1124) @ 0: reporter [PH/TRC/STRT] Phase 'uvm.uvm_sched.pre_main' (id=391) Starting phase
UVM_INFO /usr/synopsys/I-2014.03/etc/uvm/src/base/uvm_phase.svh(1203) @ 0: reporter [PH/TRC/SKIP] Phase 'uvm.uvm_sched.pre_main' (id=391) No objections raised, skipping phase
UVM_INFO /usr/synopsys/I-2014.03/etc/uvm/src/base/uvm_phase.svh(1218) @ 0: reporter [PH_READY_TO_END_CB] Phase 'uvm.uvm_sched.pre_main' (id=391) CALLING READY_TO_END CB
UVM_INFO /usr/synopsys/I-2014.03/etc/uvm/src/base/uvm_phase.svh(1356) @ 0: reporter [PH_END] Phase 'uvm.uvm_sched.pre_main' (id=391) ENDING PHASE
UVM_INFO /usr/synopsys/I-2014.03/etc/uvm/src/base/uvm_phase.svh(1381) @ 0: reporter [PH/TRC/DONE] Phase 'uvm.uvm_sched.pre_main' (id=391) Completed phase
UVM_INFO /usr/synopsys/I-2014.03/etc/uvm/src/base/uvm_phase.svh(1403) @ 0: reporter [PH/TRC/SCHEDULED] Phase 'uvm.uvm_sched.main' (id=403) Scheduled from phase uvm.uvm_sched.pre_main
UVM_INFO /usr/synopsys/I-2014.03/etc/uvm/src/base/uvm_phase.svh(1124) @ 0: reporter [PH/TRC/STRT] Phase 'uvm.uvm_sched.main' (id=403) Starting phase
UVM_INFO /usr/synopsys/I-2014.03/etc/uvm/src/base/uvm_phase.svh(1203) @ 0: reporter [PH/TRC/SKIP] Phase 'uvm.uvm_sched.main' (id=403) No objections raised, skipping phase
UVM_INFO /usr/synopsys/I-2014.03/etc/uvm/src/base/uvm_phase.svh(1218) @ 0: reporter [PH_READY_TO_END_CB] Phase 'uvm.uvm_sched.main' (id=403) CALLING READY_TO_END CB
UVM_INFO /usr/synopsys/I-2014.03/etc/uvm/src/base/uvm_phase.svh(1356) @ 0: reporter [PH_END] Phase 'uvm.uvm_sched.main' (id=403) ENDING PHASE
UVM_INFO /usr/synopsys/I-2014.03/etc/uvm/src/base/uvm_phase.svh(1381) @ 0: reporter [PH/TRC/DONE] Phase 'uvm.uvm_sched.main' (id=403) Completed phase
UVM_INFO /usr/synopsys/I-2014.03/etc/uvm/src/base/uvm_phase.svh(1403) @ 0: reporter [PH/TRC/SCHEDULED] Phase 'uvm.uvm_sched.post_main' (id=415) Scheduled from phase uvm.uvm_sched.main
UVM_INFO /usr/synopsys/I-2014.03/etc/uvm/src/base/uvm_phase.svh(1124) @ 0: reporter [PH/TRC/STRT] Phase 'uvm.uvm_sched.post_main' (id=415) Starting phase
UVM_INFO /usr/synopsys/I-2014.03/etc/uvm/src/base/uvm_phase.svh(1203) @ 0: reporter [PH/TRC/SKIP] Phase 'uvm.uvm_sched.post_main' (id=415) No objections raised, skipping phase
UVM_INFO /usr/synopsys/I-2014.03/etc/uvm/src/base/uvm_phase.svh(1218) @ 0: reporter [PH_READY_TO_END_CB] Phase 'uvm.uvm_sched.post_main' (id=415) CALLING READY_TO_END CB
UVM_INFO /usr/synopsys/I-2014.03/etc/uvm/src/base/uvm_phase.svh(1356) @ 0: reporter [PH_END] Phase 'uvm.uvm_sched.post_main' (id=415) ENDING PHASE
UVM_INFO /usr/synopsys/I-2014.03/etc/uvm/src/base/uvm_phase.svh(1381) @ 0: reporter [PH/TRC/DONE] Phase 'uvm.uvm_sched.post_main' (id=415) Completed phase
UVM_INFO /usr/synopsys/I-2014.03/etc/uvm/src/base/uvm_phase.svh(1403) @ 0: reporter [PH/TRC/SCHEDULED] Phase 'uvm.uvm_sched.pre_shutdown' (id=427) Scheduled from phase uvm.uvm_sched.post_main
UVM_INFO /usr/synopsys/I-2014.03/etc/uvm/src/base/uvm_phase.svh(1124) @ 0: reporter [PH/TRC/STRT] Phase 'uvm.uvm_sched.pre_shutdown' (id=427) Starting phase
UVM_INFO /usr/synopsys/I-2014.03/etc/uvm/src/base/uvm_phase.svh(1203) @ 0: reporter [PH/TRC/SKIP] Phase 'uvm.uvm_sched.pre_shutdown' (id=427) No objections raised, skipping phase
UVM_INFO /usr/synopsys/I-2014.03/etc/uvm/src/base/uvm_phase.svh(1218) @ 0: reporter [PH_READY_TO_END_CB] Phase 'uvm.uvm_sched.pre_shutdown' (id=427) CALLING READY_TO_END CB
UVM_INFO /usr/synopsys/I-2014.03/etc/uvm/src/base/uvm_phase.svh(1356) @ 0: reporter [PH_END] Phase 'uvm.uvm_sched.pre_shutdown' (id=427) ENDING PHASE
UVM_INFO /usr/synopsys/I-2014.03/etc/uvm/src/base/uvm_phase.svh(1381) @ 0: reporter [PH/TRC/DONE] Phase 'uvm.uvm_sched.pre_shutdown' (id=427) Completed phase
UVM_INFO /usr/synopsys/I-2014.03/etc/uvm/src/base/uvm_phase.svh(1403) @ 0: reporter [PH/TRC/SCHEDULED] Phase 'uvm.uvm_sched.shutdown' (id=439) Scheduled from phase uvm.uvm_sched.pre_shutdown
UVM_INFO /usr/synopsys/I-2014.03/etc/uvm/src/base/uvm_phase.svh(1124) @ 0: reporter [PH/TRC/STRT] Phase 'uvm.uvm_sched.shutdown' (id=439) Starting phase
UVM_INFO /usr/synopsys/I-2014.03/etc/uvm/src/base/uvm_phase.svh(1203) @ 0: reporter [PH/TRC/SKIP] Phase 'uvm.uvm_sched.shutdown' (id=439) No objections raised, skipping phase
UVM_INFO /usr/synopsys/I-2014.03/etc/uvm/src/base/uvm_phase.svh(1218) @ 0: reporter [PH_READY_TO_END_CB] Phase 'uvm.uvm_sched.shutdown' (id=439) CALLING READY_TO_END CB
UVM_INFO /usr/synopsys/I-2014.03/etc/uvm/src/base/uvm_phase.svh(1356) @ 0: reporter [PH_END] Phase 'uvm.uvm_sched.shutdown' (id=439) ENDING PHASE
UVM_INFO /usr/synopsys/I-2014.03/etc/uvm/src/base/uvm_phase.svh(1381) @ 0: reporter [PH/TRC/DONE] Phase 'uvm.uvm_sched.shutdown' (id=439) Completed phase
UVM_INFO /usr/synopsys/I-2014.03/etc/uvm/src/base/uvm_phase.svh(1403) @ 0: reporter [PH/TRC/SCHEDULED] Phase 'uvm.uvm_sched.post_shutdown' (id=451) Scheduled from phase uvm.uvm_sched.shutdown
UVM_INFO /usr/synopsys/I-2014.03/etc/uvm/src/base/uvm_phase.svh(1124) @ 0: reporter [PH/TRC/STRT] Phase 'uvm.uvm_sched.post_shutdown' (id=451) Starting phase
UVM_INFO /usr/synopsys/I-2014.03/etc/uvm/src/base/uvm_phase.svh(1203) @ 0: reporter [PH/TRC/SKIP] Phase 'uvm.uvm_sched.post_shutdown' (id=451) No objections raised, skipping phase
UVM_INFO packet.sv(22) @ 0: reporter@@packet [TRACE] \$unit ::\packet::new 
UVM_INFO /usr/synopsys/I-2014.03/etc/uvm/src/reg/uvm_reg_predictor.svh(221) @ 100: uvm_test_top.env_inst.predict [REG_PREDICT] Observed WRITE transaction to register regmodel.rg_1: value='h37 : updated value = 'h37
UVM_INFO packet.sv(22) @ 100: reporter@@packet [TRACE] \$unit ::\packet::new 
UVM_INFO @ 100: reporter [RegModel] Wrote register via map regmodel.default_map: regmodel.rg_1=0x37
                  10============================= write value = 00000037 =============================
                  10============================= des_val = 00000037 =============================
                  10============================= mirror_val = 00000037 =============================
UVM_INFO packet.sv(22) @ 100: reporter@@packet [TRACE] \$unit ::\packet::new 
UVM_INFO /usr/synopsys/I-2014.03/etc/uvm/src/reg/uvm_reg_predictor.svh(221) @ 200: uvm_test_top.env_inst.predict [REG_PREDICT] Observed WRITE transaction to register regmodel.rg_1: value='h37 : updated value = 'h37
UVM_INFO packet.sv(22) @ 200: reporter@@packet [TRACE] \$unit ::\packet::new 
UVM_INFO /usr/synopsys/I-2014.03/etc/uvm/src/reg/uvm_reg_predictor.svh(225) @ 300: uvm_test_top.env_inst.predict [REG_PREDICT] Observed READ transaction to register regmodel.rg_1: value='h37
UVM_INFO packet.sv(22) @ 300: reporter@@packet [TRACE] \$unit ::\packet::new 
UVM_INFO @ 300: reporter [RegModel] Read  register via map regmodel.default_map: regmodel.rg_1=37
                  30============================= read_val = 00000037 =============================
                  30============================= process 2 =============================
                  30============================= set value = 00000056 =============================
                  30============================= get val = 00000056 =============================
                  30============================= mirror_val = 00000037 =============================
UVM_INFO packet.sv(22) @ 300: reporter@@packet [TRACE] \$unit ::\packet::new 
UVM_INFO /usr/synopsys/I-2014.03/etc/uvm/src/reg/uvm_reg_predictor.svh(225) @ 400: uvm_test_top.env_inst.predict [REG_PREDICT] Observed READ transaction to register regmodel.rg_1: value='h37
UVM_INFO packet.sv(22) @ 400: reporter@@packet [TRACE] \$unit ::\packet::new 
UVM_INFO /usr/synopsys/I-2014.03/etc/uvm/src/reg/uvm_reg_predictor.svh(221) @ 500: uvm_test_top.env_inst.predict [REG_PREDICT] Observed WRITE transaction to register regmodel.rg_1: value='h56 : updated value = 'h56
UVM_INFO packet.sv(22) @ 500: reporter@@packet [TRACE] \$unit ::\packet::new 
UVM_INFO @ 500: reporter [RegModel] Wrote register via map regmodel.default_map: regmodel.rg_1=0x56
                  50============================= update the dut =============================
UVM_INFO packet.sv(22) @ 500: reporter@@packet [TRACE] \$unit ::\packet::new 
UVM_INFO /usr/synopsys/I-2014.03/etc/uvm/src/reg/uvm_reg_predictor.svh(221) @ 600: uvm_test_top.env_inst.predict [REG_PREDICT] Observed WRITE transaction to register regmodel.rg_1: value='h56 : updated value = 'h56
UVM_INFO packet.sv(22) @ 600: reporter@@packet [TRACE] \$unit ::\packet::new 
UVM_INFO /usr/synopsys/I-2014.03/etc/uvm/src/reg/uvm_reg_predictor.svh(225) @ 700: uvm_test_top.env_inst.predict [REG_PREDICT] Observed READ transaction to register regmodel.rg_1: value='h56
UVM_INFO packet.sv(22) @ 700: reporter@@packet [TRACE] \$unit ::\packet::new 
UVM_INFO @ 700: reporter [RegModel] Read  register via map regmodel.default_map: regmodel.rg_1=56
                  70============================= read_val = 00000056 =============================
                  70============================= process 3 =============================
                  70============================= predict value = 000000a7 =============================
                  70============================= get the predict val = 000000a7 =============================
                  70============================= mirror_val = 000000a7 =============================
                  70============================= update the dut =============================
UVM_INFO packet.sv(22) @ 700: reporter@@packet [TRACE] \$unit ::\packet::new 
UVM_INFO /usr/synopsys/I-2014.03/etc/uvm/src/reg/uvm_reg_predictor.svh(225) @ 800: uvm_test_top.env_inst.predict [REG_PREDICT] Observed READ transaction to register regmodel.rg_1: value='ha7
UVM_INFO packet.sv(22) @ 800: reporter@@packet [TRACE] \$unit ::\packet::new 
UVM_INFO /usr/synopsys/I-2014.03/etc/uvm/src/reg/uvm_reg_predictor.svh(225) @ 900: uvm_test_top.env_inst.predict [REG_PREDICT] Observed READ transaction to register regmodel.rg_1: value='ha7
UVM_INFO packet.sv(22) @ 900: reporter@@packet [TRACE] \$unit ::\packet::new 
UVM_INFO @ 900: reporter [RegModel] Read  register via map regmodel.default_map: regmodel.rg_1=a7
                  90============================= read_val = 000000a7 =============================
                  90============================= process 4 =============================
                  90============================= thorough back door = 000000ff =============================
                  90============================= get val = 000000a7 =============================
                  90============================= mirror_val = 000000a7 =============================
UVM_INFO packet.sv(22) @ 900: reporter@@packet [TRACE] \$unit ::\packet::new 
UVM_INFO /usr/synopsys/I-2014.03/etc/uvm/src/reg/uvm_reg_predictor.svh(225) @ 1000: uvm_test_top.env_inst.predict [REG_PREDICT] Observed READ transaction to register regmodel.rg_1: value='hff
UVM_INFO packet.sv(22) @ 1000: reporter@@packet [TRACE] \$unit ::\packet::new 
UVM_INFO /usr/synopsys/I-2014.03/etc/uvm/src/reg/uvm_reg_predictor.svh(225) @ 1100: uvm_test_top.env_inst.predict [REG_PREDICT] Observed READ transaction to register regmodel.rg_1: value='hff
UVM_INFO packet.sv(22) @ 1100: reporter@@packet [TRACE] \$unit ::\packet::new 
UVM_INFO @ 1100: reporter [RegModel] Read  register via map regmodel.default_map: regmodel.rg_1=ff
                 110============================= update the ral through mirror method=============================
UVM_INFO packet.sv(22) @ 1100: reporter@@packet [TRACE] \$unit ::\packet::new 
UVM_INFO /usr/synopsys/I-2014.03/etc/uvm/src/reg/uvm_reg_predictor.svh(225) @ 1200: uvm_test_top.env_inst.predict [REG_PREDICT] Observed READ transaction to register regmodel.rg_1: value='hff
UVM_INFO packet.sv(22) @ 1200: reporter@@packet [TRACE] \$unit ::\packet::new 
UVM_INFO /usr/synopsys/I-2014.03/etc/uvm/src/reg/uvm_reg_predictor.svh(225) @ 1300: uvm_test_top.env_inst.predict [REG_PREDICT] Observed READ transaction to register regmodel.rg_1: value='hff
UVM_INFO packet.sv(22) @ 1300: reporter@@packet [TRACE] \$unit ::\packet::new 
UVM_INFO @ 1300: reporter [RegModel] Read  register via map regmodel.default_map: regmodel.rg_1=ff
                 130============================= read_val = 000000ff =============================
                 130=============================after mirror method get val = 000000ff =============================
                 130============================= after mirror method mirror_val = 000000ff =============================
UVM_INFO /usr/synopsys/I-2014.03/etc/uvm/src/reg/uvm_reg_predictor.svh(225) @ 1400: uvm_test_top.env_inst.predict [REG_PREDICT] Observed READ transaction to register regmodel.rg_1: value='hff
UVM_INFO packet.sv(22) @ 1400: reporter@@packet [TRACE] \$unit ::\packet::new 
UVM_INFO /usr/synopsys/I-2014.03/etc/uvm/src/reg/uvm_reg_predictor.svh(225) @ 1500: uvm_test_top.env_inst.predict [REG_PREDICT] Observed READ transaction to register regmodel.rg_1: value='hff
UVM_INFO packet.sv(22) @ 1500: reporter@@packet [TRACE] \$unit ::\packet::new 
UVM_INFO /usr/synopsys/I-2014.03/etc/uvm/src/reg/uvm_reg_predictor.svh(225) @ 1600: uvm_test_top.env_inst.predict [REG_PREDICT] Observed READ transaction to register regmodel.rg_1: value='hff
UVM_INFO packet.sv(22) @ 1600: reporter@@packet [TRACE] \$unit ::\packet::new 
UVM_INFO /usr/synopsys/I-2014.03/etc/uvm/src/reg/uvm_reg_predictor.svh(225) @ 1700: uvm_test_top.env_inst.predict [REG_PREDICT] Observed READ transaction to register regmodel.rg_1: value='hff
UVM_INFO packet.sv(22) @ 1700: reporter@@packet [TRACE] \$unit ::\packet::new 
UVM_INFO /usr/synopsys/I-2014.03/etc/uvm/src/reg/uvm_reg_predictor.svh(225) @ 1800: uvm_test_top.env_inst.predict [REG_PREDICT] Observed READ transaction to register regmodel.rg_1: value='hff
UVM_INFO packet.sv(22) @ 1800: reporter@@packet [TRACE] \$unit ::\packet::new 
UVM_INFO /usr/synopsys/I-2014.03/etc/uvm/src/reg/uvm_reg_predictor.svh(225) @ 1900: uvm_test_top.env_inst.predict [REG_PREDICT] Observed READ transaction to register regmodel.rg_1: value='hff
UVM_INFO packet.sv(22) @ 1900: reporter@@packet [TRACE] \$unit ::\packet::new 
UVM_INFO /usr/synopsys/I-2014.03/etc/uvm/src/reg/uvm_reg_predictor.svh(225) @ 2000: uvm_test_top.env_inst.predict [REG_PREDICT] Observed READ transaction to register regmodel.rg_1: value='hff
UVM_INFO packet.sv(22) @ 2000: reporter@@packet [TRACE] \$unit ::\packet::new 
UVM_INFO /usr/synopsys/I-2014.03/etc/uvm/src/reg/uvm_reg_predictor.svh(225) @ 2100: uvm_test_top.env_inst.predict [REG_PREDICT] Observed READ transaction to register regmodel.rg_1: value='hff
UVM_INFO packet.sv(22) @ 2100: reporter@@packet [TRACE] \$unit ::\packet::new 
UVM_INFO /usr/synopsys/I-2014.03/etc/uvm/src/reg/uvm_reg_predictor.svh(225) @ 2200: uvm_test_top.env_inst.predict [REG_PREDICT] Observed READ transaction to register regmodel.rg_1: value='hff
UVM_INFO packet.sv(22) @ 2200: reporter@@packet [TRACE] \$unit ::\packet::new 
UVM_INFO @ 2300: run [OBJTN_TRC] Object uvm_test_top dropped 1 objection(s): count=0  total=0
UVM_INFO @ 2300: run [OBJTN_TRC] Object uvm_test_top all_dropped 1 objection(s): count=0  total=0
UVM_INFO @ 2300: run [OBJTN_TRC] Object uvm_top subtracted 1 objection(s) from its total (dropped from source object uvm_test_top): count=0  total=0
UVM_INFO @ 2300: run [OBJTN_TRC] Object uvm_top subtracted 1 objection(s) from its total (all_dropped from source object uvm_test_top): count=0  total=0
UVM_INFO /usr/synopsys/I-2014.03/etc/uvm/src/base/uvm_objection.svh(1268) @ 2300: reporter [TEST_DONE] 'run' phase is ready to proceed to the 'extract' phase
UVM_INFO /usr/synopsys/I-2014.03/etc/uvm/src/base/uvm_phase.svh(1218) @ 2300: reporter [PH_READY_TO_END_CB] Phase 'uvm.uvm_sched.post_shutdown' (id=451) CALLING READY_TO_END CB
UVM_INFO /usr/synopsys/I-2014.03/etc/uvm/src/base/uvm_phase.svh(1218) @ 2300: reporter [PH_READY_TO_END_CB] Phase 'common.run' (id=240) CALLING READY_TO_END CB
UVM_INFO /usr/synopsys/I-2014.03/etc/uvm/src/base/uvm_phase.svh(1356) @ 2300: reporter [PH_END] Phase 'common.run' (id=240) ENDING PHASE
UVM_INFO /usr/synopsys/I-2014.03/etc/uvm/src/base/uvm_phase.svh(1356) @ 2300: reporter [PH_END] Phase 'uvm.uvm_sched.post_shutdown' (id=451) ENDING PHASE
UVM_INFO /usr/synopsys/I-2014.03/etc/uvm/src/base/uvm_phase.svh(1381) @ 2300: reporter [PH/TRC/DONE] Phase 'common.run' (id=240) Completed phase
UVM_INFO /usr/synopsys/I-2014.03/etc/uvm/src/base/uvm_phase.svh(1381) @ 2300: reporter [PH/TRC/DONE] Phase 'uvm.uvm_sched.post_shutdown' (id=451) Completed phase
UVM_INFO /usr/synopsys/I-2014.03/etc/uvm/src/base/uvm_phase.svh(1403) @ 2300: reporter [PH/TRC/SCHEDULED] Phase 'common.extract' (id=247) Scheduled from phase common.run
UVM_INFO /usr/synopsys/I-2014.03/etc/uvm/src/base/uvm_phase.svh(1403) @ 2300: reporter [PH/TRC/SCHEDULED] Phase 'uvm.uvm_sched_end' (id=307) Scheduled from phase uvm.uvm_sched.post_shutdown
UVM_INFO /usr/synopsys/I-2014.03/etc/uvm/src/base/uvm_phase.svh(1124) @ 2300: reporter [PH/TRC/STRT] Phase 'uvm.uvm_sched_end' (id=307) Starting phase
UVM_INFO /usr/synopsys/I-2014.03/etc/uvm/src/base/uvm_phase.svh(1381) @ 2300: reporter [PH/TRC/DONE] Phase 'uvm.uvm_sched_end' (id=307) Completed phase
UVM_INFO /usr/synopsys/I-2014.03/etc/uvm/src/base/uvm_phase.svh(1403) @ 2300: reporter [PH/TRC/SCHEDULED] Phase 'uvm.uvm_end' (id=295) Scheduled from phase uvm.uvm_sched_end
UVM_INFO /usr/synopsys/I-2014.03/etc/uvm/src/base/uvm_phase.svh(1124) @ 2300: reporter [PH/TRC/STRT] Phase 'uvm.uvm_end' (id=295) Starting phase
UVM_INFO /usr/synopsys/I-2014.03/etc/uvm/src/base/uvm_phase.svh(1381) @ 2300: reporter [PH/TRC/DONE] Phase 'uvm.uvm_end' (id=295) Completed phase
UVM_INFO /usr/synopsys/I-2014.03/etc/uvm/src/base/uvm_phase.svh(1124) @ 2300: reporter [PH/TRC/STRT] Phase 'common.extract' (id=247) Starting phase
UVM_INFO /usr/synopsys/I-2014.03/etc/uvm/src/base/uvm_phase.svh(1500) @ 2300: reporter [PH/TRC/WAIT_PRED_OF_SUCC] Phase 'common.extract' (id=247) *** No pred to succ other than myself, so ending phase ***
UVM_INFO /usr/synopsys/I-2014.03/etc/uvm/src/base/uvm_phase.svh(1356) @ 2300: reporter [PH_END] Phase 'common.extract' (id=247) ENDING PHASE
UVM_INFO /usr/synopsys/I-2014.03/etc/uvm/src/base/uvm_phase.svh(1381) @ 2300: reporter [PH/TRC/DONE] Phase 'common.extract' (id=247) Completed phase
UVM_INFO /usr/synopsys/I-2014.03/etc/uvm/src/base/uvm_phase.svh(1403) @ 2300: reporter [PH/TRC/SCHEDULED] Phase 'common.check' (id=259) Scheduled from phase common.extract
UVM_INFO /usr/synopsys/I-2014.03/etc/uvm/src/base/uvm_phase.svh(1124) @ 2300: reporter [PH/TRC/STRT] Phase 'common.check' (id=259) Starting phase
UVM_INFO /usr/synopsys/I-2014.03/etc/uvm/src/base/uvm_phase.svh(1500) @ 2300: reporter [PH/TRC/WAIT_PRED_OF_SUCC] Phase 'common.check' (id=259) *** No pred to succ other than myself, so ending phase ***
UVM_INFO /usr/synopsys/I-2014.03/etc/uvm/src/base/uvm_phase.svh(1356) @ 2300: reporter [PH_END] Phase 'common.check' (id=259) ENDING PHASE
UVM_INFO /usr/synopsys/I-2014.03/etc/uvm/src/base/uvm_phase.svh(1381) @ 2300: reporter [PH/TRC/DONE] Phase 'common.check' (id=259) Completed phase
UVM_INFO /usr/synopsys/I-2014.03/etc/uvm/src/base/uvm_phase.svh(1403) @ 2300: reporter [PH/TRC/SCHEDULED] Phase 'common.report' (id=271) Scheduled from phase common.check
UVM_INFO /usr/synopsys/I-2014.03/etc/uvm/src/base/uvm_phase.svh(1124) @ 2300: reporter [PH/TRC/STRT] Phase 'common.report' (id=271) Starting phase
UVM_INFO /usr/synopsys/I-2014.03/etc/uvm/src/base/uvm_phase.svh(1500) @ 2300: reporter [PH/TRC/WAIT_PRED_OF_SUCC] Phase 'common.report' (id=271) *** No pred to succ other than myself, so ending phase ***
UVM_INFO /usr/synopsys/I-2014.03/etc/uvm/src/base/uvm_phase.svh(1356) @ 2300: reporter [PH_END] Phase 'common.report' (id=271) ENDING PHASE
UVM_INFO /usr/synopsys/I-2014.03/etc/uvm/src/base/uvm_phase.svh(1381) @ 2300: reporter [PH/TRC/DONE] Phase 'common.report' (id=271) Completed phase
UVM_INFO /usr/synopsys/I-2014.03/etc/uvm/src/base/uvm_phase.svh(1403) @ 2300: reporter [PH/TRC/SCHEDULED] Phase 'common.final' (id=283) Scheduled from phase common.report
UVM_INFO /usr/synopsys/I-2014.03/etc/uvm/src/base/uvm_phase.svh(1124) @ 2300: reporter [PH/TRC/STRT] Phase 'common.final' (id=283) Starting phase
UVM_INFO /usr/synopsys/I-2014.03/etc/uvm/src/base/uvm_phase.svh(1500) @ 2300: reporter [PH/TRC/WAIT_PRED_OF_SUCC] Phase 'common.final' (id=283) *** No pred to succ other than myself, so ending phase ***
UVM_INFO /usr/synopsys/I-2014.03/etc/uvm/src/base/uvm_phase.svh(1356) @ 2300: reporter [PH_END] Phase 'common.final' (id=283) ENDING PHASE
UVM_INFO /usr/synopsys/I-2014.03/etc/uvm/src/base/uvm_phase.svh(1381) @ 2300: reporter [PH/TRC/DONE] Phase 'common.final' (id=283) Completed phase
UVM_INFO /usr/synopsys/I-2014.03/etc/uvm/src/base/uvm_phase.svh(1403) @ 2300: reporter [PH/TRC/SCHEDULED] Phase 'common.common_end' (id=180) Scheduled from phase common.final
UVM_INFO /usr/synopsys/I-2014.03/etc/uvm/src/base/uvm_phase.svh(1124) @ 2300: reporter [PH/TRC/STRT] Phase 'common.common_end' (id=180) Starting phase
UVM_INFO /usr/synopsys/I-2014.03/etc/uvm/src/base/uvm_phase.svh(1381) @ 2300: reporter [PH/TRC/DONE] Phase 'common.common_end' (id=180) Completed phase

--- UVM Report Summary ---

** Report counts by severity
UVM_INFO :  215
UVM_WARNING :    0
UVM_ERROR :    0
UVM_FATAL :    0
** Report counts by id
[OBJTN_TRC]     6
[PH/TRC/DONE]    27
[PH/TRC/SCHEDULED]    26
[PH/TRC/SKIP]    12
[PH/TRC/STRT]    27
[PH/TRC/TO_WAIT]     1
[PH/TRC/WAIT_PRED_OF_SUCC]     8
[PH_END]    21
[PH_READY_TO_END_CB]    13
[REG_PREDICT]    22
[RNTST]     1
[RegModel]     7
[TEST_DONE]     1
[TRACE]    42
[UVMTOP]     1
$finish called from file "/usr/synopsys/I-2014.03/etc/uvm/src/base/uvm_root.svh", line 438.
$finish at simulation time                 2300
           V C S   S i m u l a t i o n   R e p o r t 
Time: 230000 ps
CPU Time:      0.980 seconds;       Data structure size:   0.3Mb
Sun Jul 21 19:03:13 2019
