Command: ./simv -l simv1.log
Chronologic VCS simulator copyright 1991-2014
Contains Synopsys proprietary information.
Compiler version I-2014.03; Runtime version I-2014.03;  Jul 21 01:38 2019
*Verdi3* Loading libsscore_vcs201403.so
*Verdi3* : Enable Parallel Dumping.
----------------------------------------------------------------
UVM-1.1d.VCS
(C) 2007-2013 Mentor Graphics Corporation
(C) 2007-2013 Cadence Design Systems, Inc.
(C) 2006-2013 Synopsys, Inc.
(C) 2011-2013 Cypress Semiconductor Corp.
----------------------------------------------------------------

  ***********       IMPORTANT RELEASE NOTES         ************

  You are using a version of the UVM library that has been compiled
  with `UVM_NO_DEPRECATED undefined.
  See http://www.eda.org/svdb/view.php?id=3313 for more details.

  You are using a version of the UVM library that has been compiled
  with `UVM_OBJECT_MUST_HAVE_CONSTRUCTOR undefined.
  See http://www.eda.org/svdb/view.php?id=3770 for more details.

      (Specify +UVM_NO_RELNOTES to turn off this notice)

VCD+ Writer I-2014.03 Copyright (c) 1991-2014 by Synopsys Inc.
FSDB Dumper for VCS, Release Verdi3_I-2014.03-SP1, Linux, 05/28/2014
(C) 1996 - 2014 by Synopsys, Inc.
***********************************************************************
*  WARNING -                                                          *
*  The FSDB dumper support is still in beta stage for the simulator   *
*  version that you are running. For any abnormal behavior, please    *
*  contact Synopsys support for assistance.                           *
***********************************************************************
*Verdi3* FSDB WARNING: The FSDB file already exists. Overwriting the FSDB file may crash the programs that are using this file.
*Verdi3* : Create FSDB file 'novas.fsdb'
*Verdi3* : Begin traversing the scopes, layer (0).
*Verdi3* : End of traversing.
UVM_INFO @ 0: reporter [RNTST] Running test reg_test...
UVM_FATAL drv.sv(17) @ 0: uvm_test_top.env_inst.agent_inst.drv_inst [FATAL1]  virtual interface is not connected to driver

--- UVM Report Summary ---

** Report counts by severity
UVM_INFO :    1
UVM_WARNING :    0
UVM_ERROR :    0
UVM_FATAL :    0
** Report counts by id
[FATAL1]     1
[RNTST]     1
$finish called from file "/usr/synopsys/I-2014.03/etc/uvm/src/base/uvm_report_object.svh", line 292.
$finish at simulation time                    0
           V C S   S i m u l a t i o n   R e p o r t 
Time: 000 ps
CPU Time:      0.880 seconds;       Data structure size:   0.3Mb
Sun Jul 21 01:38:41 2019
